C:\Users\pmpra\source\repos\TheCellGame\TheCellGame\node_modules\bs-recipes\recipes\webpack.typescript.react\src\main.js
C:\Users\pmpra\source\repos\TheCellGame\TheCellGame\node_modules\bs-recipes\recipes\webpack.typescript.react\src\main.js.map
C:\Users\pmpra\source\repos\TheCellGame\TheCellGame\node_modules\bs-recipes\recipes\webpack.typescript.react\src\components\HelloWorld.js
C:\Users\pmpra\source\repos\TheCellGame\TheCellGame\node_modules\bs-recipes\recipes\webpack.typescript.react\src\components\HelloWorld.js.map
C:\Users\pmpra\source\repos\TheCellGame\TheCellGame\node_modules\bs-recipes\recipes\webpack.typescript.react\src\components\HelloWorld.js
C:\Users\pmpra\source\repos\TheCellGame\TheCellGame\node_modules\bs-recipes\recipes\webpack.typescript.react\src\components\HelloWorld.js.map
C:\Users\pmpra\source\repos\TheCellGame\TheCellGame\node_modules\bs-recipes\recipes\webpack.typescript.react\src\main.js
C:\Users\pmpra\source\repos\TheCellGame\TheCellGame\node_modules\bs-recipes\recipes\webpack.typescript.react\src\main.js.map
C:\Users\pmpra\source\repos\TheCellGame\TheCellGame\node_modules\bs-recipes\recipes\webpack.typescript\dist\src\main.js
C:\Users\pmpra\source\repos\TheCellGame\TheCellGame\node_modules\rx\ts\core\disposables\disposable.js
C:\Users\pmpra\source\repos\TheCellGame\TheCellGame\node_modules\rx\ts\core\checkedobserver.js
C:\Users\pmpra\source\repos\TheCellGame\TheCellGame\node_modules\rx\ts\core\observer-lite.js
C:\Users\pmpra\source\repos\TheCellGame\TheCellGame\node_modules\rx\ts\core\abstractobserver.js
C:\Users\pmpra\source\repos\TheCellGame\TheCellGame\node_modules\rx\ts\core\es6.js
C:\Users\pmpra\source\repos\TheCellGame\TheCellGame\node_modules\rx\ts\core\observable.js
C:\Users\pmpra\source\repos\TheCellGame\TheCellGame\node_modules\rx\ts\core\anonymousobservable.js
C:\Users\pmpra\source\repos\TheCellGame\TheCellGame\node_modules\rx\ts\core\anonymousobserver.js
C:\Users\pmpra\source\repos\TheCellGame\TheCellGame\node_modules\rx\ts\core\concurrency\scheduler.js
C:\Users\pmpra\source\repos\TheCellGame\TheCellGame\node_modules\rx\ts\core\backpressure\controlled.js
C:\Users\pmpra\source\repos\TheCellGame\TheCellGame\node_modules\rx\ts\core\backpressure\pausable.js
C:\Users\pmpra\source\repos\TheCellGame\TheCellGame\node_modules\rx\ts\core\backpressure\pausablebuffered.js
C:\Users\pmpra\source\repos\TheCellGame\TheCellGame\node_modules\rx\ts\core\backpressure\pauser.js
C:\Users\pmpra\source\repos\TheCellGame\TheCellGame\node_modules\rx\ts\core\backpressure\stopandwait.js
C:\Users\pmpra\source\repos\TheCellGame\TheCellGame\node_modules\rx\ts\core\backpressure\windowed.js
C:\Users\pmpra\source\repos\TheCellGame\TheCellGame\node_modules\rx\ts\core\concurrency\currentthreadscheduler.js
C:\Users\pmpra\source\repos\TheCellGame\TheCellGame\node_modules\rx\ts\core\concurrency\defaultscheduler.js
C:\Users\pmpra\source\repos\TheCellGame\TheCellGame\node_modules\rx\ts\core\disposables\booleandisposable.js
C:\Users\pmpra\source\repos\TheCellGame\TheCellGame\node_modules\rx\ts\core\concurrency\scheduleditem.js
C:\Users\pmpra\source\repos\TheCellGame\TheCellGame\node_modules\rx\ts\core\concurrency\virtualtimescheduler.js
C:\Users\pmpra\source\repos\TheCellGame\TheCellGame\node_modules\rx\ts\core\concurrency\historicalscheduler.js
C:\Users\pmpra\source\repos\TheCellGame\TheCellGame\node_modules\rx\ts\core\concurrency\immediatescheduler.js
C:\Users\pmpra\source\repos\TheCellGame\TheCellGame\node_modules\rx\ts\core\concurrency\scheduleperiodicrecursive.js
C:\Users\pmpra\source\repos\TheCellGame\TheCellGame\node_modules\rx\ts\core\concurrency\scheduler.periodic.js
C:\Users\pmpra\source\repos\TheCellGame\TheCellGame\node_modules\rx\ts\core\concurrency\scheduler.recursive.js
C:\Users\pmpra\source\repos\TheCellGame\TheCellGame\node_modules\rx\ts\core\concurrency\scheduler.wrappers.js
C:\Users\pmpra\source\repos\TheCellGame\TheCellGame\node_modules\rx\ts\core\disposables\compositedisposable.js
C:\Users\pmpra\source\repos\TheCellGame\TheCellGame\node_modules\rx\ts\core\disposables\refcountdisposable.js
C:\Users\pmpra\source\repos\TheCellGame\TheCellGame\node_modules\rx\ts\core\internal\bindcallback.js
C:\Users\pmpra\source\repos\TheCellGame\TheCellGame\node_modules\rx\ts\core\internal\errors.js
C:\Users\pmpra\source\repos\TheCellGame\TheCellGame\node_modules\rx\ts\core\internal\isequal.js
C:\Users\pmpra\source\repos\TheCellGame\TheCellGame\node_modules\rx\ts\core\internal\priorityqueue.js
C:\Users\pmpra\source\repos\TheCellGame\TheCellGame\node_modules\rx\ts\core\internal\util.js
C:\Users\pmpra\source\repos\TheCellGame\TheCellGame\node_modules\rx\ts\core\joins\plan.js
C:\Users\pmpra\source\repos\TheCellGame\TheCellGame\node_modules\rx\ts\core\joins\pattern.js
C:\Users\pmpra\source\repos\TheCellGame\TheCellGame\node_modules\rx\ts\core\linq\connectableobservable.js
C:\Users\pmpra\source\repos\TheCellGame\TheCellGame\node_modules\rx\ts\core\linq\groupedobservable.js
C:\Users\pmpra\source\repos\TheCellGame\TheCellGame\node_modules\rx\ts\core\linq\observable\amb.js
C:\Users\pmpra\source\repos\TheCellGame\TheCellGame\node_modules\rx\ts\core\linq\observable\ambproto.js
C:\Users\pmpra\source\repos\TheCellGame\TheCellGame\node_modules\rx\ts\core\linq\observable\and.js
C:\Users\pmpra\source\repos\TheCellGame\TheCellGame\node_modules\rx\ts\core\linq\observable\asobservable.js
C:\Users\pmpra\source\repos\TheCellGame\TheCellGame\node_modules\rx\ts\core\linq\observable\average.js
C:\Users\pmpra\source\repos\TheCellGame\TheCellGame\node_modules\rx\ts\core\linq\observable\buffer.js
C:\Users\pmpra\source\repos\TheCellGame\TheCellGame\node_modules\rx\ts\core\linq\observable\bufferwithcount.js
C:\Users\pmpra\source\repos\TheCellGame\TheCellGame\node_modules\rx\ts\core\linq\observable\bufferwithtime.js
C:\Users\pmpra\source\repos\TheCellGame\TheCellGame\node_modules\rx\ts\core\linq\observable\bufferwithtimeorcount.js
C:\Users\pmpra\source\repos\TheCellGame\TheCellGame\node_modules\rx\ts\core\linq\observable\case.js
C:\Users\pmpra\source\repos\TheCellGame\TheCellGame\node_modules\rx\ts\core\linq\observable\catch.js
C:\Users\pmpra\source\repos\TheCellGame\TheCellGame\node_modules\rx\ts\core\linq\observable\catchproto.js
C:\Users\pmpra\source\repos\TheCellGame\TheCellGame\node_modules\rx\ts\core\linq\observable\combinelatest.js
C:\Users\pmpra\source\repos\TheCellGame\TheCellGame\node_modules\rx\ts\core\linq\observable\combinelatestproto.js
C:\Users\pmpra\source\repos\TheCellGame\TheCellGame\node_modules\rx\ts\core\linq\observable\concat.js
C:\Users\pmpra\source\repos\TheCellGame\TheCellGame\node_modules\rx\ts\core\linq\observable\concatall.js
C:\Users\pmpra\source\repos\TheCellGame\TheCellGame\node_modules\rx\ts\core\linq\observable\concatmap.js
C:\Users\pmpra\source\repos\TheCellGame\TheCellGame\node_modules\rx\ts\core\linq\observable\concatmapobserver.js
C:\Users\pmpra\source\repos\TheCellGame\TheCellGame\node_modules\rx\ts\core\linq\observable\concatproto.js
C:\Users\pmpra\source\repos\TheCellGame\TheCellGame\node_modules\rx\ts\core\linq\observable\count.js
C:\Users\pmpra\source\repos\TheCellGame\TheCellGame\node_modules\rx\ts\core\linq\observable\create.js
C:\Users\pmpra\source\repos\TheCellGame\TheCellGame\node_modules\rx\ts\core\linq\observable\debounce.js
C:\Users\pmpra\source\repos\TheCellGame\TheCellGame\node_modules\rx\ts\core\linq\observable\defaultifempty.js
C:\Users\pmpra\source\repos\TheCellGame\TheCellGame\node_modules\rx\ts\core\linq\observable\defer.js
C:\Users\pmpra\source\repos\TheCellGame\TheCellGame\node_modules\rx\ts\core\linq\observable\delay.js
C:\Users\pmpra\source\repos\TheCellGame\TheCellGame\node_modules\rx\ts\core\linq\observable\delaysubscription.js
C:\Users\pmpra\source\repos\TheCellGame\TheCellGame\node_modules\rx\ts\core\linq\observable\dematerialize.js
C:\Users\pmpra\source\repos\TheCellGame\TheCellGame\node_modules\rx\ts\core\linq\observable\distinct.js
C:\Users\pmpra\source\repos\TheCellGame\TheCellGame\node_modules\rx\ts\core\linq\observable\distinctuntilchanged.js
C:\Users\pmpra\source\repos\TheCellGame\TheCellGame\node_modules\rx\ts\core\linq\observable\dowhile.js
C:\Users\pmpra\source\repos\TheCellGame\TheCellGame\node_modules\rx\ts\core\linq\observable\elementat.js
C:\Users\pmpra\source\repos\TheCellGame\TheCellGame\node_modules\rx\ts\core\linq\observable\empty.js
C:\Users\pmpra\source\repos\TheCellGame\TheCellGame\node_modules\rx\ts\core\linq\observable\every.js
C:\Users\pmpra\source\repos\TheCellGame\TheCellGame\node_modules\rx\ts\core\linq\observable\expand.js
C:\Users\pmpra\source\repos\TheCellGame\TheCellGame\node_modules\rx\ts\core\linq\observable\filter.js
C:\Users\pmpra\source\repos\TheCellGame\TheCellGame\node_modules\rx\ts\core\linq\observable\finally.js
C:\Users\pmpra\source\repos\TheCellGame\TheCellGame\node_modules\rx\ts\core\linq\observable\find.js
C:\Users\pmpra\source\repos\TheCellGame\TheCellGame\node_modules\rx\ts\core\linq\observable\findindex.js
C:\Users\pmpra\source\repos\TheCellGame\TheCellGame\node_modules\rx\ts\core\linq\observable\first.js
C:\Users\pmpra\source\repos\TheCellGame\TheCellGame\node_modules\rx\ts\core\linq\observable\flatmap.js
C:\Users\pmpra\source\repos\TheCellGame\TheCellGame\node_modules\rx\ts\core\linq\observable\flatmapfirst.js
C:\Users\pmpra\source\repos\TheCellGame\TheCellGame\node_modules\rx\ts\core\linq\observable\flatmaplatest.js
C:\Users\pmpra\source\repos\TheCellGame\TheCellGame\node_modules\rx\ts\core\linq\observable\flatmapwithmaxconcurrent.js
C:\Users\pmpra\source\repos\TheCellGame\TheCellGame\node_modules\rx\ts\core\linq\observable\for.js
C:\Users\pmpra\source\repos\TheCellGame\TheCellGame\node_modules\rx\ts\core\linq\observable\forkjoin.js
C:\Users\pmpra\source\repos\TheCellGame\TheCellGame\node_modules\rx\ts\core\linq\observable\forkjoinproto.js
C:\Users\pmpra\source\repos\TheCellGame\TheCellGame\node_modules\rx\ts\core\linq\observable\from.js
C:\Users\pmpra\source\repos\TheCellGame\TheCellGame\node_modules\rx\ts\core\linq\observable\fromarray.js
C:\Users\pmpra\source\repos\TheCellGame\TheCellGame\node_modules\rx\ts\core\linq\observable\fromcallback.js
C:\Users\pmpra\source\repos\TheCellGame\TheCellGame\node_modules\rx\ts\core\linq\observable\fromevent.js
C:\Users\pmpra\source\repos\TheCellGame\TheCellGame\node_modules\rx\ts\core\linq\observable\fromeventpattern.js
C:\Users\pmpra\source\repos\TheCellGame\TheCellGame\node_modules\rx\ts\core\linq\observable\fromnodecallback.js
C:\Users\pmpra\source\repos\TheCellGame\TheCellGame\node_modules\rx\ts\core\linq\observable\frompromise.js
C:\Users\pmpra\source\repos\TheCellGame\TheCellGame\node_modules\rx\ts\core\linq\observable\generate.js
C:\Users\pmpra\source\repos\TheCellGame\TheCellGame\node_modules\rx\ts\core\linq\observable\generatewithabsolutetime.js
C:\Users\pmpra\source\repos\TheCellGame\TheCellGame\node_modules\rx\ts\core\linq\observable\generatewithrelativetime.js
C:\Users\pmpra\source\repos\TheCellGame\TheCellGame\node_modules\rx\ts\core\linq\observable\groupbyuntil.js
C:\Users\pmpra\source\repos\TheCellGame\TheCellGame\node_modules\rx\ts\core\linq\observable\groupby.js
C:\Users\pmpra\source\repos\TheCellGame\TheCellGame\node_modules\rx\ts\core\linq\observable\groupjoin.js
C:\Users\pmpra\source\repos\TheCellGame\TheCellGame\node_modules\rx\ts\core\linq\observable\if.js
C:\Users\pmpra\source\repos\TheCellGame\TheCellGame\node_modules\rx\ts\core\linq\observable\ignoreelements.js
C:\Users\pmpra\source\repos\TheCellGame\TheCellGame\node_modules\rx\ts\core\linq\observable\includes.js
C:\Users\pmpra\source\repos\TheCellGame\TheCellGame\node_modules\rx\ts\core\linq\observable\indexof.js
C:\Users\pmpra\source\repos\TheCellGame\TheCellGame\node_modules\rx\ts\core\linq\observable\interval.js
C:\Users\pmpra\source\repos\TheCellGame\TheCellGame\node_modules\rx\ts\core\linq\observable\isempty.js
C:\Users\pmpra\source\repos\TheCellGame\TheCellGame\node_modules\rx\ts\core\linq\observable\join.js
C:\Users\pmpra\source\repos\TheCellGame\TheCellGame\node_modules\rx\ts\core\linq\observable\jortsort.js
C:\Users\pmpra\source\repos\TheCellGame\TheCellGame\node_modules\rx\ts\core\linq\observable\jortsortuntil.js
C:\Users\pmpra\source\repos\TheCellGame\TheCellGame\node_modules\rx\ts\core\linq\observable\just.js
C:\Users\pmpra\source\repos\TheCellGame\TheCellGame\node_modules\rx\ts\core\linq\observable\last.js
C:\Users\pmpra\source\repos\TheCellGame\TheCellGame\node_modules\rx\ts\core\linq\observable\let.js
C:\Users\pmpra\source\repos\TheCellGame\TheCellGame\node_modules\rx\ts\core\linq\observable\manyselect.js
C:\Users\pmpra\source\repos\TheCellGame\TheCellGame\node_modules\rx\ts\core\linq\observable\map.js
C:\Users\pmpra\source\repos\TheCellGame\TheCellGame\node_modules\rx\ts\core\linq\observable\materialize.js
C:\Users\pmpra\source\repos\TheCellGame\TheCellGame\node_modules\rx\ts\core\linq\observable\max.js
C:\Users\pmpra\source\repos\TheCellGame\TheCellGame\node_modules\rx\ts\core\linq\observable\maxby.js
C:\Users\pmpra\source\repos\TheCellGame\TheCellGame\node_modules\rx\ts\core\linq\observable\merge.js
C:\Users\pmpra\source\repos\TheCellGame\TheCellGame\node_modules\rx\ts\core\linq\observable\mergeall.js
C:\Users\pmpra\source\repos\TheCellGame\TheCellGame\node_modules\rx\ts\core\linq\observable\mergedelayerror.js
C:\Users\pmpra\source\repos\TheCellGame\TheCellGame\node_modules\rx\ts\core\linq\observable\min.js
C:\Users\pmpra\source\repos\TheCellGame\TheCellGame\node_modules\rx\ts\core\linq\observable\minby.js
C:\Users\pmpra\source\repos\TheCellGame\TheCellGame\node_modules\rx\ts\core\subjects\subject.js
C:\Users\pmpra\source\repos\TheCellGame\TheCellGame\node_modules\rx\ts\core\linq\observable\multicast.js
C:\Users\pmpra\source\repos\TheCellGame\TheCellGame\node_modules\rx\ts\core\linq\observable\never.js
C:\Users\pmpra\source\repos\TheCellGame\TheCellGame\node_modules\rx\ts\core\linq\observable\observeon.js
C:\Users\pmpra\source\repos\TheCellGame\TheCellGame\node_modules\rx\ts\core\linq\observable\of.js
C:\Users\pmpra\source\repos\TheCellGame\TheCellGame\node_modules\rx\ts\core\linq\observable\ofarraychanges.js
C:\Users\pmpra\source\repos\TheCellGame\TheCellGame\node_modules\rx\ts\core\linq\observable\ofobjectchanges.js
C:\Users\pmpra\source\repos\TheCellGame\TheCellGame\node_modules\rx\ts\core\linq\observable\onerrorresumenext.js
C:\Users\pmpra\source\repos\TheCellGame\TheCellGame\node_modules\rx\ts\core\linq\observable\onerrorresumenextproto.js
C:\Users\pmpra\source\repos\TheCellGame\TheCellGame\node_modules\rx\ts\core\linq\observable\pairs.js
C:\Users\pmpra\source\repos\TheCellGame\TheCellGame\node_modules\rx\ts\core\linq\observable\pairwise.js
C:\Users\pmpra\source\repos\TheCellGame\TheCellGame\node_modules\rx\ts\core\linq\observable\partition.js
C:\Users\pmpra\source\repos\TheCellGame\TheCellGame\node_modules\rx\ts\core\linq\observable\pipe.js
C:\Users\pmpra\source\repos\TheCellGame\TheCellGame\node_modules\rx\ts\core\linq\observable\pluck.js
C:\Users\pmpra\source\repos\TheCellGame\TheCellGame\node_modules\rx\ts\core\linq\observable\publish.js
C:\Users\pmpra\source\repos\TheCellGame\TheCellGame\node_modules\rx\ts\core\linq\observable\publishlast.js
C:\Users\pmpra\source\repos\TheCellGame\TheCellGame\node_modules\rx\ts\core\linq\observable\publishvalue.js
C:\Users\pmpra\source\repos\TheCellGame\TheCellGame\node_modules\rx\ts\core\linq\observable\range.js
C:\Users\pmpra\source\repos\TheCellGame\TheCellGame\node_modules\rx\ts\core\linq\observable\reduce.js
C:\Users\pmpra\source\repos\TheCellGame\TheCellGame\node_modules\rx\ts\core\linq\observable\repeat.js
C:\Users\pmpra\source\repos\TheCellGame\TheCellGame\node_modules\rx\ts\core\linq\observable\repeatproto.js
C:\Users\pmpra\source\repos\TheCellGame\TheCellGame\node_modules\rx\ts\core\linq\observable\replay.js
C:\Users\pmpra\source\repos\TheCellGame\TheCellGame\node_modules\rx\ts\core\linq\observable\retry.js
C:\Users\pmpra\source\repos\TheCellGame\TheCellGame\node_modules\rx\ts\core\linq\observable\retrywhen.js
C:\Users\pmpra\source\repos\TheCellGame\TheCellGame\node_modules\rx\ts\core\linq\observable\sample.js
C:\Users\pmpra\source\repos\TheCellGame\TheCellGame\node_modules\rx\ts\core\linq\observable\scan.js
C:\Users\pmpra\source\repos\TheCellGame\TheCellGame\node_modules\rx\ts\core\linq\observable\selectmanyobserver.js
C:\Users\pmpra\source\repos\TheCellGame\TheCellGame\node_modules\rx\ts\core\linq\observable\sequenceequal.js
C:\Users\pmpra\source\repos\TheCellGame\TheCellGame\node_modules\rx\ts\core\linq\observable\share.js
C:\Users\pmpra\source\repos\TheCellGame\TheCellGame\node_modules\rx\ts\core\linq\observable\sharereplay.js
C:\Users\pmpra\source\repos\TheCellGame\TheCellGame\node_modules\rx\ts\core\linq\observable\sharevalue.js
C:\Users\pmpra\source\repos\TheCellGame\TheCellGame\node_modules\rx\ts\core\linq\observable\single.js
C:\Users\pmpra\source\repos\TheCellGame\TheCellGame\node_modules\rx\ts\core\linq\observable\singleinstance.js
C:\Users\pmpra\source\repos\TheCellGame\TheCellGame\node_modules\rx\ts\core\linq\observable\skip.js
C:\Users\pmpra\source\repos\TheCellGame\TheCellGame\node_modules\rx\ts\core\linq\observable\skiplast.js
C:\Users\pmpra\source\repos\TheCellGame\TheCellGame\node_modules\rx\ts\core\linq\observable\skiplastwithtime.js
C:\Users\pmpra\source\repos\TheCellGame\TheCellGame\node_modules\rx\ts\core\linq\observable\skipuntil.js
C:\Users\pmpra\source\repos\TheCellGame\TheCellGame\node_modules\rx\ts\core\linq\observable\skipuntilwithtime.js
C:\Users\pmpra\source\repos\TheCellGame\TheCellGame\node_modules\rx\ts\core\linq\observable\skipwhile.js
C:\Users\pmpra\source\repos\TheCellGame\TheCellGame\node_modules\rx\ts\core\linq\observable\skipwithtime.js
C:\Users\pmpra\source\repos\TheCellGame\TheCellGame\node_modules\rx\ts\core\linq\observable\some.js
C:\Users\pmpra\source\repos\TheCellGame\TheCellGame\node_modules\rx\ts\core\linq\observable\spawn.js
C:\Users\pmpra\source\repos\TheCellGame\TheCellGame\node_modules\rx\ts\core\linq\observable\start.js
C:\Users\pmpra\source\repos\TheCellGame\TheCellGame\node_modules\rx\ts\core\linq\observable\startasync.js
C:\Users\pmpra\source\repos\TheCellGame\TheCellGame\node_modules\rx\ts\core\linq\observable\startwith.js
C:\Users\pmpra\source\repos\TheCellGame\TheCellGame\node_modules\rx\ts\core\linq\observable\subscribeon.js
C:\Users\pmpra\source\repos\TheCellGame\TheCellGame\node_modules\rx\ts\core\linq\observable\sum.js
C:\Users\pmpra\source\repos\TheCellGame\TheCellGame\node_modules\rx\ts\core\linq\observable\switch.js
C:\Users\pmpra\source\repos\TheCellGame\TheCellGame\node_modules\rx\ts\core\linq\observable\switchfirst.js
C:\Users\pmpra\source\repos\TheCellGame\TheCellGame\node_modules\rx\ts\core\linq\observable\take.js
C:\Users\pmpra\source\repos\TheCellGame\TheCellGame\node_modules\rx\ts\core\linq\observable\takelast.js
C:\Users\pmpra\source\repos\TheCellGame\TheCellGame\node_modules\rx\ts\core\linq\observable\takelastbuffer.js
C:\Users\pmpra\source\repos\TheCellGame\TheCellGame\node_modules\rx\ts\core\linq\observable\takelastbufferwithtime.js
C:\Users\pmpra\source\repos\TheCellGame\TheCellGame\node_modules\rx\ts\core\linq\observable\takelastwithtime.js
C:\Users\pmpra\source\repos\TheCellGame\TheCellGame\node_modules\rx\ts\core\linq\observable\takeuntil.js
C:\Users\pmpra\source\repos\TheCellGame\TheCellGame\node_modules\rx\ts\core\linq\observable\takeuntilwithtime.js
C:\Users\pmpra\source\repos\TheCellGame\TheCellGame\node_modules\rx\ts\core\linq\observable\takewhile.js
C:\Users\pmpra\source\repos\TheCellGame\TheCellGame\node_modules\rx\ts\core\linq\observable\takewithtime.js
C:\Users\pmpra\source\repos\TheCellGame\TheCellGame\node_modules\rx\ts\core\linq\observable\tap.js
C:\Users\pmpra\source\repos\TheCellGame\TheCellGame\node_modules\rx\ts\core\linq\observable\thendo.js
C:\Users\pmpra\source\repos\TheCellGame\TheCellGame\node_modules\rx\ts\core\linq\observable\throttle.js
C:\Users\pmpra\source\repos\TheCellGame\TheCellGame\node_modules\rx\ts\core\linq\observable\throw.js
C:\Users\pmpra\source\repos\TheCellGame\TheCellGame\node_modules\rx\ts\core\linq\observable\timeinterval.js
C:\Users\pmpra\source\repos\TheCellGame\TheCellGame\node_modules\rx\ts\core\linq\observable\timeout.js
C:\Users\pmpra\source\repos\TheCellGame\TheCellGame\node_modules\rx\ts\core\linq\observable\timer.js
C:\Users\pmpra\source\repos\TheCellGame\TheCellGame\node_modules\rx\ts\core\linq\observable\timestamp.js
C:\Users\pmpra\source\repos\TheCellGame\TheCellGame\node_modules\rx\ts\core\linq\observable\toarray.js
C:\Users\pmpra\source\repos\TheCellGame\TheCellGame\node_modules\rx\ts\core\linq\observable\toasync.js
C:\Users\pmpra\source\repos\TheCellGame\TheCellGame\node_modules\rx\ts\core\linq\observable\tomap.js
C:\Users\pmpra\source\repos\TheCellGame\TheCellGame\node_modules\rx\ts\core\linq\observable\topromise.js
C:\Users\pmpra\source\repos\TheCellGame\TheCellGame\node_modules\rx\ts\core\linq\observable\toset.js
C:\Users\pmpra\source\repos\TheCellGame\TheCellGame\node_modules\rx\ts\core\linq\observable\transduce.js
C:\Users\pmpra\source\repos\TheCellGame\TheCellGame\node_modules\rx\ts\core\linq\observable\using.js
C:\Users\pmpra\source\repos\TheCellGame\TheCellGame\node_modules\rx\ts\core\linq\observable\when.js
C:\Users\pmpra\source\repos\TheCellGame\TheCellGame\node_modules\rx\ts\core\linq\observable\while.js
C:\Users\pmpra\source\repos\TheCellGame\TheCellGame\node_modules\rx\ts\core\linq\observable\window.js
C:\Users\pmpra\source\repos\TheCellGame\TheCellGame\node_modules\rx\ts\core\linq\observable\windowwithcount.js
C:\Users\pmpra\source\repos\TheCellGame\TheCellGame\node_modules\rx\ts\core\linq\observable\windowwithtime.js
C:\Users\pmpra\source\repos\TheCellGame\TheCellGame\node_modules\rx\ts\core\linq\observable\windowwithtimeorcount.js
C:\Users\pmpra\source\repos\TheCellGame\TheCellGame\node_modules\rx\ts\core\linq\observable\withlatestfrom.js
C:\Users\pmpra\source\repos\TheCellGame\TheCellGame\node_modules\rx\ts\core\linq\observable\zip.js
C:\Users\pmpra\source\repos\TheCellGame\TheCellGame\node_modules\rx\ts\core\linq\observable\zipiterable.js
C:\Users\pmpra\source\repos\TheCellGame\TheCellGame\node_modules\rx\ts\core\notification.js
C:\Users\pmpra\source\repos\TheCellGame\TheCellGame\node_modules\rx\ts\core\observer-extras.js
C:\Users\pmpra\source\repos\TheCellGame\TheCellGame\node_modules\rx\ts\core\observer.js
C:\Users\pmpra\source\repos\TheCellGame\TheCellGame\node_modules\rx\ts\core\scheduledobserver.js
C:\Users\pmpra\source\repos\TheCellGame\TheCellGame\node_modules\rx\ts\core\subjects\anonymoussubject.js
C:\Users\pmpra\source\repos\TheCellGame\TheCellGame\node_modules\rx\ts\core\subjects\asyncsubject.js
C:\Users\pmpra\source\repos\TheCellGame\TheCellGame\node_modules\rx\ts\core\subjects\behaviorsubject.js
C:\Users\pmpra\source\repos\TheCellGame\TheCellGame\node_modules\rx\ts\core\subjects\replaysubject.js
C:\Users\pmpra\source\repos\TheCellGame\TheCellGame\node_modules\rx\ts\core\testing\mockdisposable.js
C:\Users\pmpra\source\repos\TheCellGame\TheCellGame\node_modules\rx\ts\core\testing\recorded.js
C:\Users\pmpra\source\repos\TheCellGame\TheCellGame\node_modules\rx\ts\core\testing\mockobserver.js
C:\Users\pmpra\source\repos\TheCellGame\TheCellGame\node_modules\rx\ts\core\testing\subscription.js
C:\Users\pmpra\source\repos\TheCellGame\TheCellGame\node_modules\rx\ts\core\testing\reactivetest.js
C:\Users\pmpra\source\repos\TheCellGame\TheCellGame\node_modules\rx\ts\core\testing\testscheduler.js
C:\Users\pmpra\source\repos\TheCellGame\TheCellGame\node_modules\bs-recipes\recipes\webpack.typescript.react\src\components\HelloWorld.js
C:\Users\pmpra\source\repos\TheCellGame\TheCellGame\node_modules\bs-recipes\recipes\webpack.typescript.react\src\components\HelloWorld.js.map
C:\Users\pmpra\source\repos\TheCellGame\TheCellGame\node_modules\bs-recipes\recipes\webpack.typescript.react\src\main.js
C:\Users\pmpra\source\repos\TheCellGame\TheCellGame\node_modules\bs-recipes\recipes\webpack.typescript.react\src\main.js.map
C:\Users\pmpra\source\repos\TheCellGame\TheCellGame\node_modules\bs-recipes\recipes\webpack.typescript\dist\src\main.js
C:\Users\pmpra\source\repos\TheCellGame\TheCellGame\node_modules\rx\ts\core\disposables\disposable.js
C:\Users\pmpra\source\repos\TheCellGame\TheCellGame\node_modules\rx\ts\core\checkedobserver.js
C:\Users\pmpra\source\repos\TheCellGame\TheCellGame\node_modules\rx\ts\core\observer-lite.js
C:\Users\pmpra\source\repos\TheCellGame\TheCellGame\node_modules\rx\ts\core\abstractobserver.js
C:\Users\pmpra\source\repos\TheCellGame\TheCellGame\node_modules\rx\ts\core\es6.js
C:\Users\pmpra\source\repos\TheCellGame\TheCellGame\node_modules\rx\ts\core\observable.js
C:\Users\pmpra\source\repos\TheCellGame\TheCellGame\node_modules\rx\ts\core\anonymousobservable.js
C:\Users\pmpra\source\repos\TheCellGame\TheCellGame\node_modules\rx\ts\core\anonymousobserver.js
C:\Users\pmpra\source\repos\TheCellGame\TheCellGame\node_modules\rx\ts\core\concurrency\scheduler.js
C:\Users\pmpra\source\repos\TheCellGame\TheCellGame\node_modules\rx\ts\core\backpressure\controlled.js
C:\Users\pmpra\source\repos\TheCellGame\TheCellGame\node_modules\rx\ts\core\backpressure\pausable.js
C:\Users\pmpra\source\repos\TheCellGame\TheCellGame\node_modules\rx\ts\core\backpressure\pausablebuffered.js
C:\Users\pmpra\source\repos\TheCellGame\TheCellGame\node_modules\rx\ts\core\backpressure\pauser.js
C:\Users\pmpra\source\repos\TheCellGame\TheCellGame\node_modules\rx\ts\core\backpressure\stopandwait.js
C:\Users\pmpra\source\repos\TheCellGame\TheCellGame\node_modules\rx\ts\core\backpressure\windowed.js
C:\Users\pmpra\source\repos\TheCellGame\TheCellGame\node_modules\rx\ts\core\concurrency\currentthreadscheduler.js
C:\Users\pmpra\source\repos\TheCellGame\TheCellGame\node_modules\rx\ts\core\concurrency\defaultscheduler.js
C:\Users\pmpra\source\repos\TheCellGame\TheCellGame\node_modules\rx\ts\core\disposables\booleandisposable.js
C:\Users\pmpra\source\repos\TheCellGame\TheCellGame\node_modules\rx\ts\core\concurrency\scheduleditem.js
C:\Users\pmpra\source\repos\TheCellGame\TheCellGame\node_modules\rx\ts\core\concurrency\virtualtimescheduler.js
C:\Users\pmpra\source\repos\TheCellGame\TheCellGame\node_modules\rx\ts\core\concurrency\historicalscheduler.js
C:\Users\pmpra\source\repos\TheCellGame\TheCellGame\node_modules\rx\ts\core\concurrency\immediatescheduler.js
C:\Users\pmpra\source\repos\TheCellGame\TheCellGame\node_modules\rx\ts\core\concurrency\scheduleperiodicrecursive.js
C:\Users\pmpra\source\repos\TheCellGame\TheCellGame\node_modules\rx\ts\core\concurrency\scheduler.periodic.js
C:\Users\pmpra\source\repos\TheCellGame\TheCellGame\node_modules\rx\ts\core\concurrency\scheduler.recursive.js
C:\Users\pmpra\source\repos\TheCellGame\TheCellGame\node_modules\rx\ts\core\concurrency\scheduler.wrappers.js
C:\Users\pmpra\source\repos\TheCellGame\TheCellGame\node_modules\rx\ts\core\disposables\compositedisposable.js
C:\Users\pmpra\source\repos\TheCellGame\TheCellGame\node_modules\rx\ts\core\disposables\refcountdisposable.js
C:\Users\pmpra\source\repos\TheCellGame\TheCellGame\node_modules\rx\ts\core\internal\bindcallback.js
C:\Users\pmpra\source\repos\TheCellGame\TheCellGame\node_modules\rx\ts\core\internal\errors.js
C:\Users\pmpra\source\repos\TheCellGame\TheCellGame\node_modules\rx\ts\core\internal\isequal.js
C:\Users\pmpra\source\repos\TheCellGame\TheCellGame\node_modules\rx\ts\core\internal\priorityqueue.js
C:\Users\pmpra\source\repos\TheCellGame\TheCellGame\node_modules\rx\ts\core\internal\util.js
C:\Users\pmpra\source\repos\TheCellGame\TheCellGame\node_modules\rx\ts\core\joins\plan.js
C:\Users\pmpra\source\repos\TheCellGame\TheCellGame\node_modules\rx\ts\core\joins\pattern.js
C:\Users\pmpra\source\repos\TheCellGame\TheCellGame\node_modules\rx\ts\core\linq\connectableobservable.js
C:\Users\pmpra\source\repos\TheCellGame\TheCellGame\node_modules\rx\ts\core\linq\groupedobservable.js
C:\Users\pmpra\source\repos\TheCellGame\TheCellGame\node_modules\rx\ts\core\linq\observable\amb.js
C:\Users\pmpra\source\repos\TheCellGame\TheCellGame\node_modules\rx\ts\core\linq\observable\ambproto.js
C:\Users\pmpra\source\repos\TheCellGame\TheCellGame\node_modules\rx\ts\core\linq\observable\and.js
C:\Users\pmpra\source\repos\TheCellGame\TheCellGame\node_modules\rx\ts\core\linq\observable\asobservable.js
C:\Users\pmpra\source\repos\TheCellGame\TheCellGame\node_modules\rx\ts\core\linq\observable\average.js
C:\Users\pmpra\source\repos\TheCellGame\TheCellGame\node_modules\rx\ts\core\linq\observable\buffer.js
C:\Users\pmpra\source\repos\TheCellGame\TheCellGame\node_modules\rx\ts\core\linq\observable\bufferwithcount.js
C:\Users\pmpra\source\repos\TheCellGame\TheCellGame\node_modules\rx\ts\core\linq\observable\bufferwithtime.js
C:\Users\pmpra\source\repos\TheCellGame\TheCellGame\node_modules\rx\ts\core\linq\observable\bufferwithtimeorcount.js
C:\Users\pmpra\source\repos\TheCellGame\TheCellGame\node_modules\rx\ts\core\linq\observable\case.js
C:\Users\pmpra\source\repos\TheCellGame\TheCellGame\node_modules\rx\ts\core\linq\observable\catch.js
C:\Users\pmpra\source\repos\TheCellGame\TheCellGame\node_modules\rx\ts\core\linq\observable\catchproto.js
C:\Users\pmpra\source\repos\TheCellGame\TheCellGame\node_modules\rx\ts\core\linq\observable\combinelatest.js
C:\Users\pmpra\source\repos\TheCellGame\TheCellGame\node_modules\rx\ts\core\linq\observable\combinelatestproto.js
C:\Users\pmpra\source\repos\TheCellGame\TheCellGame\node_modules\rx\ts\core\linq\observable\concat.js
C:\Users\pmpra\source\repos\TheCellGame\TheCellGame\node_modules\rx\ts\core\linq\observable\concatall.js
C:\Users\pmpra\source\repos\TheCellGame\TheCellGame\node_modules\rx\ts\core\linq\observable\concatmap.js
C:\Users\pmpra\source\repos\TheCellGame\TheCellGame\node_modules\rx\ts\core\linq\observable\concatmapobserver.js
C:\Users\pmpra\source\repos\TheCellGame\TheCellGame\node_modules\rx\ts\core\linq\observable\concatproto.js
C:\Users\pmpra\source\repos\TheCellGame\TheCellGame\node_modules\rx\ts\core\linq\observable\count.js
C:\Users\pmpra\source\repos\TheCellGame\TheCellGame\node_modules\rx\ts\core\linq\observable\create.js
C:\Users\pmpra\source\repos\TheCellGame\TheCellGame\node_modules\rx\ts\core\linq\observable\debounce.js
C:\Users\pmpra\source\repos\TheCellGame\TheCellGame\node_modules\rx\ts\core\linq\observable\defaultifempty.js
C:\Users\pmpra\source\repos\TheCellGame\TheCellGame\node_modules\rx\ts\core\linq\observable\defer.js
C:\Users\pmpra\source\repos\TheCellGame\TheCellGame\node_modules\rx\ts\core\linq\observable\delay.js
C:\Users\pmpra\source\repos\TheCellGame\TheCellGame\node_modules\rx\ts\core\linq\observable\delaysubscription.js
C:\Users\pmpra\source\repos\TheCellGame\TheCellGame\node_modules\rx\ts\core\linq\observable\dematerialize.js
C:\Users\pmpra\source\repos\TheCellGame\TheCellGame\node_modules\rx\ts\core\linq\observable\distinct.js
C:\Users\pmpra\source\repos\TheCellGame\TheCellGame\node_modules\rx\ts\core\linq\observable\distinctuntilchanged.js
C:\Users\pmpra\source\repos\TheCellGame\TheCellGame\node_modules\rx\ts\core\linq\observable\dowhile.js
C:\Users\pmpra\source\repos\TheCellGame\TheCellGame\node_modules\rx\ts\core\linq\observable\elementat.js
C:\Users\pmpra\source\repos\TheCellGame\TheCellGame\node_modules\rx\ts\core\linq\observable\empty.js
C:\Users\pmpra\source\repos\TheCellGame\TheCellGame\node_modules\rx\ts\core\linq\observable\every.js
C:\Users\pmpra\source\repos\TheCellGame\TheCellGame\node_modules\rx\ts\core\linq\observable\expand.js
C:\Users\pmpra\source\repos\TheCellGame\TheCellGame\node_modules\rx\ts\core\linq\observable\filter.js
C:\Users\pmpra\source\repos\TheCellGame\TheCellGame\node_modules\rx\ts\core\linq\observable\finally.js
C:\Users\pmpra\source\repos\TheCellGame\TheCellGame\node_modules\rx\ts\core\linq\observable\find.js
C:\Users\pmpra\source\repos\TheCellGame\TheCellGame\node_modules\rx\ts\core\linq\observable\findindex.js
C:\Users\pmpra\source\repos\TheCellGame\TheCellGame\node_modules\rx\ts\core\linq\observable\first.js
C:\Users\pmpra\source\repos\TheCellGame\TheCellGame\node_modules\rx\ts\core\linq\observable\flatmap.js
C:\Users\pmpra\source\repos\TheCellGame\TheCellGame\node_modules\rx\ts\core\linq\observable\flatmapfirst.js
C:\Users\pmpra\source\repos\TheCellGame\TheCellGame\node_modules\rx\ts\core\linq\observable\flatmaplatest.js
C:\Users\pmpra\source\repos\TheCellGame\TheCellGame\node_modules\rx\ts\core\linq\observable\flatmapwithmaxconcurrent.js
C:\Users\pmpra\source\repos\TheCellGame\TheCellGame\node_modules\rx\ts\core\linq\observable\for.js
C:\Users\pmpra\source\repos\TheCellGame\TheCellGame\node_modules\rx\ts\core\linq\observable\forkjoin.js
C:\Users\pmpra\source\repos\TheCellGame\TheCellGame\node_modules\rx\ts\core\linq\observable\forkjoinproto.js
C:\Users\pmpra\source\repos\TheCellGame\TheCellGame\node_modules\rx\ts\core\linq\observable\from.js
C:\Users\pmpra\source\repos\TheCellGame\TheCellGame\node_modules\rx\ts\core\linq\observable\fromarray.js
C:\Users\pmpra\source\repos\TheCellGame\TheCellGame\node_modules\rx\ts\core\linq\observable\fromcallback.js
C:\Users\pmpra\source\repos\TheCellGame\TheCellGame\node_modules\rx\ts\core\linq\observable\fromevent.js
C:\Users\pmpra\source\repos\TheCellGame\TheCellGame\node_modules\rx\ts\core\linq\observable\fromeventpattern.js
C:\Users\pmpra\source\repos\TheCellGame\TheCellGame\node_modules\rx\ts\core\linq\observable\fromnodecallback.js
C:\Users\pmpra\source\repos\TheCellGame\TheCellGame\node_modules\rx\ts\core\linq\observable\frompromise.js
C:\Users\pmpra\source\repos\TheCellGame\TheCellGame\node_modules\rx\ts\core\linq\observable\generate.js
C:\Users\pmpra\source\repos\TheCellGame\TheCellGame\node_modules\rx\ts\core\linq\observable\generatewithabsolutetime.js
C:\Users\pmpra\source\repos\TheCellGame\TheCellGame\node_modules\rx\ts\core\linq\observable\generatewithrelativetime.js
C:\Users\pmpra\source\repos\TheCellGame\TheCellGame\node_modules\rx\ts\core\linq\observable\groupbyuntil.js
C:\Users\pmpra\source\repos\TheCellGame\TheCellGame\node_modules\rx\ts\core\linq\observable\groupby.js
C:\Users\pmpra\source\repos\TheCellGame\TheCellGame\node_modules\rx\ts\core\linq\observable\groupjoin.js
C:\Users\pmpra\source\repos\TheCellGame\TheCellGame\node_modules\rx\ts\core\linq\observable\if.js
C:\Users\pmpra\source\repos\TheCellGame\TheCellGame\node_modules\rx\ts\core\linq\observable\ignoreelements.js
C:\Users\pmpra\source\repos\TheCellGame\TheCellGame\node_modules\rx\ts\core\linq\observable\includes.js
C:\Users\pmpra\source\repos\TheCellGame\TheCellGame\node_modules\rx\ts\core\linq\observable\indexof.js
C:\Users\pmpra\source\repos\TheCellGame\TheCellGame\node_modules\rx\ts\core\linq\observable\interval.js
C:\Users\pmpra\source\repos\TheCellGame\TheCellGame\node_modules\rx\ts\core\linq\observable\isempty.js
C:\Users\pmpra\source\repos\TheCellGame\TheCellGame\node_modules\rx\ts\core\linq\observable\join.js
C:\Users\pmpra\source\repos\TheCellGame\TheCellGame\node_modules\rx\ts\core\linq\observable\jortsort.js
C:\Users\pmpra\source\repos\TheCellGame\TheCellGame\node_modules\rx\ts\core\linq\observable\jortsortuntil.js
C:\Users\pmpra\source\repos\TheCellGame\TheCellGame\node_modules\rx\ts\core\linq\observable\just.js
C:\Users\pmpra\source\repos\TheCellGame\TheCellGame\node_modules\rx\ts\core\linq\observable\last.js
C:\Users\pmpra\source\repos\TheCellGame\TheCellGame\node_modules\rx\ts\core\linq\observable\let.js
C:\Users\pmpra\source\repos\TheCellGame\TheCellGame\node_modules\rx\ts\core\linq\observable\manyselect.js
C:\Users\pmpra\source\repos\TheCellGame\TheCellGame\node_modules\rx\ts\core\linq\observable\map.js
C:\Users\pmpra\source\repos\TheCellGame\TheCellGame\node_modules\rx\ts\core\linq\observable\materialize.js
C:\Users\pmpra\source\repos\TheCellGame\TheCellGame\node_modules\rx\ts\core\linq\observable\max.js
C:\Users\pmpra\source\repos\TheCellGame\TheCellGame\node_modules\rx\ts\core\linq\observable\maxby.js
C:\Users\pmpra\source\repos\TheCellGame\TheCellGame\node_modules\rx\ts\core\linq\observable\merge.js
C:\Users\pmpra\source\repos\TheCellGame\TheCellGame\node_modules\rx\ts\core\linq\observable\mergeall.js
C:\Users\pmpra\source\repos\TheCellGame\TheCellGame\node_modules\rx\ts\core\linq\observable\mergedelayerror.js
C:\Users\pmpra\source\repos\TheCellGame\TheCellGame\node_modules\rx\ts\core\linq\observable\min.js
C:\Users\pmpra\source\repos\TheCellGame\TheCellGame\node_modules\rx\ts\core\linq\observable\minby.js
C:\Users\pmpra\source\repos\TheCellGame\TheCellGame\node_modules\rx\ts\core\subjects\subject.js
C:\Users\pmpra\source\repos\TheCellGame\TheCellGame\node_modules\rx\ts\core\linq\observable\multicast.js
C:\Users\pmpra\source\repos\TheCellGame\TheCellGame\node_modules\rx\ts\core\linq\observable\never.js
C:\Users\pmpra\source\repos\TheCellGame\TheCellGame\node_modules\rx\ts\core\linq\observable\observeon.js
C:\Users\pmpra\source\repos\TheCellGame\TheCellGame\node_modules\rx\ts\core\linq\observable\of.js
C:\Users\pmpra\source\repos\TheCellGame\TheCellGame\node_modules\rx\ts\core\linq\observable\ofarraychanges.js
C:\Users\pmpra\source\repos\TheCellGame\TheCellGame\node_modules\rx\ts\core\linq\observable\ofobjectchanges.js
C:\Users\pmpra\source\repos\TheCellGame\TheCellGame\node_modules\rx\ts\core\linq\observable\onerrorresumenext.js
C:\Users\pmpra\source\repos\TheCellGame\TheCellGame\node_modules\rx\ts\core\linq\observable\onerrorresumenextproto.js
C:\Users\pmpra\source\repos\TheCellGame\TheCellGame\node_modules\rx\ts\core\linq\observable\pairs.js
C:\Users\pmpra\source\repos\TheCellGame\TheCellGame\node_modules\rx\ts\core\linq\observable\pairwise.js
C:\Users\pmpra\source\repos\TheCellGame\TheCellGame\node_modules\rx\ts\core\linq\observable\partition.js
C:\Users\pmpra\source\repos\TheCellGame\TheCellGame\node_modules\rx\ts\core\linq\observable\pipe.js
C:\Users\pmpra\source\repos\TheCellGame\TheCellGame\node_modules\rx\ts\core\linq\observable\pluck.js
C:\Users\pmpra\source\repos\TheCellGame\TheCellGame\node_modules\rx\ts\core\linq\observable\publish.js
C:\Users\pmpra\source\repos\TheCellGame\TheCellGame\node_modules\rx\ts\core\linq\observable\publishlast.js
C:\Users\pmpra\source\repos\TheCellGame\TheCellGame\node_modules\rx\ts\core\linq\observable\publishvalue.js
C:\Users\pmpra\source\repos\TheCellGame\TheCellGame\node_modules\rx\ts\core\linq\observable\range.js
C:\Users\pmpra\source\repos\TheCellGame\TheCellGame\node_modules\rx\ts\core\linq\observable\reduce.js
C:\Users\pmpra\source\repos\TheCellGame\TheCellGame\node_modules\rx\ts\core\linq\observable\repeat.js
C:\Users\pmpra\source\repos\TheCellGame\TheCellGame\node_modules\rx\ts\core\linq\observable\repeatproto.js
C:\Users\pmpra\source\repos\TheCellGame\TheCellGame\node_modules\rx\ts\core\linq\observable\replay.js
C:\Users\pmpra\source\repos\TheCellGame\TheCellGame\node_modules\rx\ts\core\linq\observable\retry.js
C:\Users\pmpra\source\repos\TheCellGame\TheCellGame\node_modules\rx\ts\core\linq\observable\retrywhen.js
C:\Users\pmpra\source\repos\TheCellGame\TheCellGame\node_modules\rx\ts\core\linq\observable\sample.js
C:\Users\pmpra\source\repos\TheCellGame\TheCellGame\node_modules\rx\ts\core\linq\observable\scan.js
C:\Users\pmpra\source\repos\TheCellGame\TheCellGame\node_modules\rx\ts\core\linq\observable\selectmanyobserver.js
C:\Users\pmpra\source\repos\TheCellGame\TheCellGame\node_modules\rx\ts\core\linq\observable\sequenceequal.js
C:\Users\pmpra\source\repos\TheCellGame\TheCellGame\node_modules\rx\ts\core\linq\observable\share.js
C:\Users\pmpra\source\repos\TheCellGame\TheCellGame\node_modules\rx\ts\core\linq\observable\sharereplay.js
C:\Users\pmpra\source\repos\TheCellGame\TheCellGame\node_modules\rx\ts\core\linq\observable\sharevalue.js
C:\Users\pmpra\source\repos\TheCellGame\TheCellGame\node_modules\rx\ts\core\linq\observable\single.js
C:\Users\pmpra\source\repos\TheCellGame\TheCellGame\node_modules\rx\ts\core\linq\observable\singleinstance.js
C:\Users\pmpra\source\repos\TheCellGame\TheCellGame\node_modules\rx\ts\core\linq\observable\skip.js
C:\Users\pmpra\source\repos\TheCellGame\TheCellGame\node_modules\rx\ts\core\linq\observable\skiplast.js
C:\Users\pmpra\source\repos\TheCellGame\TheCellGame\node_modules\rx\ts\core\linq\observable\skiplastwithtime.js
C:\Users\pmpra\source\repos\TheCellGame\TheCellGame\node_modules\rx\ts\core\linq\observable\skipuntil.js
C:\Users\pmpra\source\repos\TheCellGame\TheCellGame\node_modules\rx\ts\core\linq\observable\skipuntilwithtime.js
C:\Users\pmpra\source\repos\TheCellGame\TheCellGame\node_modules\rx\ts\core\linq\observable\skipwhile.js
C:\Users\pmpra\source\repos\TheCellGame\TheCellGame\node_modules\rx\ts\core\linq\observable\skipwithtime.js
C:\Users\pmpra\source\repos\TheCellGame\TheCellGame\node_modules\rx\ts\core\linq\observable\some.js
C:\Users\pmpra\source\repos\TheCellGame\TheCellGame\node_modules\rx\ts\core\linq\observable\spawn.js
C:\Users\pmpra\source\repos\TheCellGame\TheCellGame\node_modules\rx\ts\core\linq\observable\start.js
C:\Users\pmpra\source\repos\TheCellGame\TheCellGame\node_modules\rx\ts\core\linq\observable\startasync.js
C:\Users\pmpra\source\repos\TheCellGame\TheCellGame\node_modules\rx\ts\core\linq\observable\startwith.js
C:\Users\pmpra\source\repos\TheCellGame\TheCellGame\node_modules\rx\ts\core\linq\observable\subscribeon.js
C:\Users\pmpra\source\repos\TheCellGame\TheCellGame\node_modules\rx\ts\core\linq\observable\sum.js
C:\Users\pmpra\source\repos\TheCellGame\TheCellGame\node_modules\rx\ts\core\linq\observable\switch.js
C:\Users\pmpra\source\repos\TheCellGame\TheCellGame\node_modules\rx\ts\core\linq\observable\switchfirst.js
C:\Users\pmpra\source\repos\TheCellGame\TheCellGame\node_modules\rx\ts\core\linq\observable\take.js
C:\Users\pmpra\source\repos\TheCellGame\TheCellGame\node_modules\rx\ts\core\linq\observable\takelast.js
C:\Users\pmpra\source\repos\TheCellGame\TheCellGame\node_modules\rx\ts\core\linq\observable\takelastbuffer.js
C:\Users\pmpra\source\repos\TheCellGame\TheCellGame\node_modules\rx\ts\core\linq\observable\takelastbufferwithtime.js
C:\Users\pmpra\source\repos\TheCellGame\TheCellGame\node_modules\rx\ts\core\linq\observable\takelastwithtime.js
C:\Users\pmpra\source\repos\TheCellGame\TheCellGame\node_modules\rx\ts\core\linq\observable\takeuntil.js
C:\Users\pmpra\source\repos\TheCellGame\TheCellGame\node_modules\rx\ts\core\linq\observable\takeuntilwithtime.js
C:\Users\pmpra\source\repos\TheCellGame\TheCellGame\node_modules\rx\ts\core\linq\observable\takewhile.js
C:\Users\pmpra\source\repos\TheCellGame\TheCellGame\node_modules\rx\ts\core\linq\observable\takewithtime.js
C:\Users\pmpra\source\repos\TheCellGame\TheCellGame\node_modules\rx\ts\core\linq\observable\tap.js
C:\Users\pmpra\source\repos\TheCellGame\TheCellGame\node_modules\rx\ts\core\linq\observable\thendo.js
C:\Users\pmpra\source\repos\TheCellGame\TheCellGame\node_modules\rx\ts\core\linq\observable\throttle.js
C:\Users\pmpra\source\repos\TheCellGame\TheCellGame\node_modules\rx\ts\core\linq\observable\throw.js
C:\Users\pmpra\source\repos\TheCellGame\TheCellGame\node_modules\rx\ts\core\linq\observable\timeinterval.js
C:\Users\pmpra\source\repos\TheCellGame\TheCellGame\node_modules\rx\ts\core\linq\observable\timeout.js
C:\Users\pmpra\source\repos\TheCellGame\TheCellGame\node_modules\rx\ts\core\linq\observable\timer.js
C:\Users\pmpra\source\repos\TheCellGame\TheCellGame\node_modules\rx\ts\core\linq\observable\timestamp.js
C:\Users\pmpra\source\repos\TheCellGame\TheCellGame\node_modules\rx\ts\core\linq\observable\toarray.js
C:\Users\pmpra\source\repos\TheCellGame\TheCellGame\node_modules\rx\ts\core\linq\observable\toasync.js
C:\Users\pmpra\source\repos\TheCellGame\TheCellGame\node_modules\rx\ts\core\linq\observable\tomap.js
C:\Users\pmpra\source\repos\TheCellGame\TheCellGame\node_modules\rx\ts\core\linq\observable\topromise.js
C:\Users\pmpra\source\repos\TheCellGame\TheCellGame\node_modules\rx\ts\core\linq\observable\toset.js
C:\Users\pmpra\source\repos\TheCellGame\TheCellGame\node_modules\rx\ts\core\linq\observable\transduce.js
C:\Users\pmpra\source\repos\TheCellGame\TheCellGame\node_modules\rx\ts\core\linq\observable\using.js
C:\Users\pmpra\source\repos\TheCellGame\TheCellGame\node_modules\rx\ts\core\linq\observable\when.js
C:\Users\pmpra\source\repos\TheCellGame\TheCellGame\node_modules\rx\ts\core\linq\observable\while.js
C:\Users\pmpra\source\repos\TheCellGame\TheCellGame\node_modules\rx\ts\core\linq\observable\window.js
C:\Users\pmpra\source\repos\TheCellGame\TheCellGame\node_modules\rx\ts\core\linq\observable\windowwithcount.js
C:\Users\pmpra\source\repos\TheCellGame\TheCellGame\node_modules\rx\ts\core\linq\observable\windowwithtime.js
C:\Users\pmpra\source\repos\TheCellGame\TheCellGame\node_modules\rx\ts\core\linq\observable\windowwithtimeorcount.js
C:\Users\pmpra\source\repos\TheCellGame\TheCellGame\node_modules\rx\ts\core\linq\observable\withlatestfrom.js
C:\Users\pmpra\source\repos\TheCellGame\TheCellGame\node_modules\rx\ts\core\linq\observable\zip.js
C:\Users\pmpra\source\repos\TheCellGame\TheCellGame\node_modules\rx\ts\core\linq\observable\zipiterable.js
C:\Users\pmpra\source\repos\TheCellGame\TheCellGame\node_modules\rx\ts\core\notification.js
C:\Users\pmpra\source\repos\TheCellGame\TheCellGame\node_modules\rx\ts\core\observer-extras.js
C:\Users\pmpra\source\repos\TheCellGame\TheCellGame\node_modules\rx\ts\core\observer.js
C:\Users\pmpra\source\repos\TheCellGame\TheCellGame\node_modules\rx\ts\core\scheduledobserver.js
C:\Users\pmpra\source\repos\TheCellGame\TheCellGame\node_modules\rx\ts\core\subjects\anonymoussubject.js
C:\Users\pmpra\source\repos\TheCellGame\TheCellGame\node_modules\rx\ts\core\subjects\asyncsubject.js
C:\Users\pmpra\source\repos\TheCellGame\TheCellGame\node_modules\rx\ts\core\subjects\behaviorsubject.js
C:\Users\pmpra\source\repos\TheCellGame\TheCellGame\node_modules\rx\ts\core\subjects\replaysubject.js
C:\Users\pmpra\source\repos\TheCellGame\TheCellGame\node_modules\rx\ts\core\testing\mockdisposable.js
C:\Users\pmpra\source\repos\TheCellGame\TheCellGame\node_modules\rx\ts\core\testing\recorded.js
C:\Users\pmpra\source\repos\TheCellGame\TheCellGame\node_modules\rx\ts\core\testing\mockobserver.js
C:\Users\pmpra\source\repos\TheCellGame\TheCellGame\node_modules\rx\ts\core\testing\subscription.js
C:\Users\pmpra\source\repos\TheCellGame\TheCellGame\node_modules\rx\ts\core\testing\reactivetest.js
C:\Users\pmpra\source\repos\TheCellGame\TheCellGame\node_modules\rx\ts\core\testing\testscheduler.js
C:\Users\pmpra\source\repos\TheCellGame\TheCellGame\node_modules\bs-recipes\recipes\webpack.typescript.react\src\components\HelloWorld.js
C:\Users\pmpra\source\repos\TheCellGame\TheCellGame\node_modules\bs-recipes\recipes\webpack.typescript.react\src\components\HelloWorld.js.map
C:\Users\pmpra\source\repos\TheCellGame\TheCellGame\node_modules\bs-recipes\recipes\webpack.typescript.react\src\main.js
C:\Users\pmpra\source\repos\TheCellGame\TheCellGame\node_modules\bs-recipes\recipes\webpack.typescript.react\src\main.js.map
C:\Users\pmpra\source\repos\TheCellGame\TheCellGame\node_modules\bs-recipes\recipes\webpack.typescript\dist\src\main.js
C:\Users\pmpra\source\repos\TheCellGame\TheCellGame\node_modules\rx\ts\core\disposables\disposable.js
C:\Users\pmpra\source\repos\TheCellGame\TheCellGame\node_modules\rx\ts\core\checkedobserver.js
C:\Users\pmpra\source\repos\TheCellGame\TheCellGame\node_modules\rx\ts\core\observer-lite.js
C:\Users\pmpra\source\repos\TheCellGame\TheCellGame\node_modules\rx\ts\core\abstractobserver.js
C:\Users\pmpra\source\repos\TheCellGame\TheCellGame\node_modules\rx\ts\core\es6.js
C:\Users\pmpra\source\repos\TheCellGame\TheCellGame\node_modules\rx\ts\core\observable.js
C:\Users\pmpra\source\repos\TheCellGame\TheCellGame\node_modules\rx\ts\core\anonymousobservable.js
C:\Users\pmpra\source\repos\TheCellGame\TheCellGame\node_modules\rx\ts\core\anonymousobserver.js
C:\Users\pmpra\source\repos\TheCellGame\TheCellGame\node_modules\rx\ts\core\concurrency\scheduler.js
C:\Users\pmpra\source\repos\TheCellGame\TheCellGame\node_modules\rx\ts\core\backpressure\controlled.js
C:\Users\pmpra\source\repos\TheCellGame\TheCellGame\node_modules\rx\ts\core\backpressure\pausable.js
C:\Users\pmpra\source\repos\TheCellGame\TheCellGame\node_modules\rx\ts\core\backpressure\pausablebuffered.js
C:\Users\pmpra\source\repos\TheCellGame\TheCellGame\node_modules\rx\ts\core\backpressure\pauser.js
C:\Users\pmpra\source\repos\TheCellGame\TheCellGame\node_modules\rx\ts\core\backpressure\stopandwait.js
C:\Users\pmpra\source\repos\TheCellGame\TheCellGame\node_modules\rx\ts\core\backpressure\windowed.js
C:\Users\pmpra\source\repos\TheCellGame\TheCellGame\node_modules\rx\ts\core\concurrency\currentthreadscheduler.js
C:\Users\pmpra\source\repos\TheCellGame\TheCellGame\node_modules\rx\ts\core\concurrency\defaultscheduler.js
C:\Users\pmpra\source\repos\TheCellGame\TheCellGame\node_modules\rx\ts\core\disposables\booleandisposable.js
C:\Users\pmpra\source\repos\TheCellGame\TheCellGame\node_modules\rx\ts\core\concurrency\scheduleditem.js
C:\Users\pmpra\source\repos\TheCellGame\TheCellGame\node_modules\rx\ts\core\concurrency\virtualtimescheduler.js
C:\Users\pmpra\source\repos\TheCellGame\TheCellGame\node_modules\rx\ts\core\concurrency\historicalscheduler.js
C:\Users\pmpra\source\repos\TheCellGame\TheCellGame\node_modules\rx\ts\core\concurrency\immediatescheduler.js
C:\Users\pmpra\source\repos\TheCellGame\TheCellGame\node_modules\rx\ts\core\concurrency\scheduleperiodicrecursive.js
C:\Users\pmpra\source\repos\TheCellGame\TheCellGame\node_modules\rx\ts\core\concurrency\scheduler.periodic.js
C:\Users\pmpra\source\repos\TheCellGame\TheCellGame\node_modules\rx\ts\core\concurrency\scheduler.recursive.js
C:\Users\pmpra\source\repos\TheCellGame\TheCellGame\node_modules\rx\ts\core\concurrency\scheduler.wrappers.js
C:\Users\pmpra\source\repos\TheCellGame\TheCellGame\node_modules\rx\ts\core\disposables\compositedisposable.js
C:\Users\pmpra\source\repos\TheCellGame\TheCellGame\node_modules\rx\ts\core\disposables\refcountdisposable.js
C:\Users\pmpra\source\repos\TheCellGame\TheCellGame\node_modules\rx\ts\core\internal\bindcallback.js
C:\Users\pmpra\source\repos\TheCellGame\TheCellGame\node_modules\rx\ts\core\internal\errors.js
C:\Users\pmpra\source\repos\TheCellGame\TheCellGame\node_modules\rx\ts\core\internal\isequal.js
C:\Users\pmpra\source\repos\TheCellGame\TheCellGame\node_modules\rx\ts\core\internal\priorityqueue.js
C:\Users\pmpra\source\repos\TheCellGame\TheCellGame\node_modules\rx\ts\core\internal\util.js
C:\Users\pmpra\source\repos\TheCellGame\TheCellGame\node_modules\rx\ts\core\joins\plan.js
C:\Users\pmpra\source\repos\TheCellGame\TheCellGame\node_modules\rx\ts\core\joins\pattern.js
C:\Users\pmpra\source\repos\TheCellGame\TheCellGame\node_modules\rx\ts\core\linq\connectableobservable.js
C:\Users\pmpra\source\repos\TheCellGame\TheCellGame\node_modules\rx\ts\core\linq\groupedobservable.js
C:\Users\pmpra\source\repos\TheCellGame\TheCellGame\node_modules\rx\ts\core\linq\observable\amb.js
C:\Users\pmpra\source\repos\TheCellGame\TheCellGame\node_modules\rx\ts\core\linq\observable\ambproto.js
C:\Users\pmpra\source\repos\TheCellGame\TheCellGame\node_modules\rx\ts\core\linq\observable\and.js
C:\Users\pmpra\source\repos\TheCellGame\TheCellGame\node_modules\rx\ts\core\linq\observable\asobservable.js
C:\Users\pmpra\source\repos\TheCellGame\TheCellGame\node_modules\rx\ts\core\linq\observable\average.js
C:\Users\pmpra\source\repos\TheCellGame\TheCellGame\node_modules\rx\ts\core\linq\observable\buffer.js
C:\Users\pmpra\source\repos\TheCellGame\TheCellGame\node_modules\rx\ts\core\linq\observable\bufferwithcount.js
C:\Users\pmpra\source\repos\TheCellGame\TheCellGame\node_modules\rx\ts\core\linq\observable\bufferwithtime.js
C:\Users\pmpra\source\repos\TheCellGame\TheCellGame\node_modules\rx\ts\core\linq\observable\bufferwithtimeorcount.js
C:\Users\pmpra\source\repos\TheCellGame\TheCellGame\node_modules\rx\ts\core\linq\observable\case.js
C:\Users\pmpra\source\repos\TheCellGame\TheCellGame\node_modules\rx\ts\core\linq\observable\catch.js
C:\Users\pmpra\source\repos\TheCellGame\TheCellGame\node_modules\rx\ts\core\linq\observable\catchproto.js
C:\Users\pmpra\source\repos\TheCellGame\TheCellGame\node_modules\rx\ts\core\linq\observable\combinelatest.js
C:\Users\pmpra\source\repos\TheCellGame\TheCellGame\node_modules\rx\ts\core\linq\observable\combinelatestproto.js
C:\Users\pmpra\source\repos\TheCellGame\TheCellGame\node_modules\rx\ts\core\linq\observable\concat.js
C:\Users\pmpra\source\repos\TheCellGame\TheCellGame\node_modules\rx\ts\core\linq\observable\concatall.js
C:\Users\pmpra\source\repos\TheCellGame\TheCellGame\node_modules\rx\ts\core\linq\observable\concatmap.js
C:\Users\pmpra\source\repos\TheCellGame\TheCellGame\node_modules\rx\ts\core\linq\observable\concatmapobserver.js
C:\Users\pmpra\source\repos\TheCellGame\TheCellGame\node_modules\rx\ts\core\linq\observable\concatproto.js
C:\Users\pmpra\source\repos\TheCellGame\TheCellGame\node_modules\rx\ts\core\linq\observable\count.js
C:\Users\pmpra\source\repos\TheCellGame\TheCellGame\node_modules\rx\ts\core\linq\observable\create.js
C:\Users\pmpra\source\repos\TheCellGame\TheCellGame\node_modules\rx\ts\core\linq\observable\debounce.js
C:\Users\pmpra\source\repos\TheCellGame\TheCellGame\node_modules\rx\ts\core\linq\observable\defaultifempty.js
C:\Users\pmpra\source\repos\TheCellGame\TheCellGame\node_modules\rx\ts\core\linq\observable\defer.js
C:\Users\pmpra\source\repos\TheCellGame\TheCellGame\node_modules\rx\ts\core\linq\observable\delay.js
C:\Users\pmpra\source\repos\TheCellGame\TheCellGame\node_modules\rx\ts\core\linq\observable\delaysubscription.js
C:\Users\pmpra\source\repos\TheCellGame\TheCellGame\node_modules\rx\ts\core\linq\observable\dematerialize.js
C:\Users\pmpra\source\repos\TheCellGame\TheCellGame\node_modules\rx\ts\core\linq\observable\distinct.js
C:\Users\pmpra\source\repos\TheCellGame\TheCellGame\node_modules\rx\ts\core\linq\observable\distinctuntilchanged.js
C:\Users\pmpra\source\repos\TheCellGame\TheCellGame\node_modules\rx\ts\core\linq\observable\dowhile.js
C:\Users\pmpra\source\repos\TheCellGame\TheCellGame\node_modules\rx\ts\core\linq\observable\elementat.js
C:\Users\pmpra\source\repos\TheCellGame\TheCellGame\node_modules\rx\ts\core\linq\observable\empty.js
C:\Users\pmpra\source\repos\TheCellGame\TheCellGame\node_modules\rx\ts\core\linq\observable\every.js
C:\Users\pmpra\source\repos\TheCellGame\TheCellGame\node_modules\rx\ts\core\linq\observable\expand.js
C:\Users\pmpra\source\repos\TheCellGame\TheCellGame\node_modules\rx\ts\core\linq\observable\filter.js
C:\Users\pmpra\source\repos\TheCellGame\TheCellGame\node_modules\rx\ts\core\linq\observable\finally.js
C:\Users\pmpra\source\repos\TheCellGame\TheCellGame\node_modules\rx\ts\core\linq\observable\find.js
C:\Users\pmpra\source\repos\TheCellGame\TheCellGame\node_modules\rx\ts\core\linq\observable\findindex.js
C:\Users\pmpra\source\repos\TheCellGame\TheCellGame\node_modules\rx\ts\core\linq\observable\first.js
C:\Users\pmpra\source\repos\TheCellGame\TheCellGame\node_modules\rx\ts\core\linq\observable\flatmap.js
C:\Users\pmpra\source\repos\TheCellGame\TheCellGame\node_modules\rx\ts\core\linq\observable\flatmapfirst.js
C:\Users\pmpra\source\repos\TheCellGame\TheCellGame\node_modules\rx\ts\core\linq\observable\flatmaplatest.js
C:\Users\pmpra\source\repos\TheCellGame\TheCellGame\node_modules\rx\ts\core\linq\observable\flatmapwithmaxconcurrent.js
C:\Users\pmpra\source\repos\TheCellGame\TheCellGame\node_modules\rx\ts\core\linq\observable\for.js
C:\Users\pmpra\source\repos\TheCellGame\TheCellGame\node_modules\rx\ts\core\linq\observable\forkjoin.js
C:\Users\pmpra\source\repos\TheCellGame\TheCellGame\node_modules\rx\ts\core\linq\observable\forkjoinproto.js
C:\Users\pmpra\source\repos\TheCellGame\TheCellGame\node_modules\rx\ts\core\linq\observable\from.js
C:\Users\pmpra\source\repos\TheCellGame\TheCellGame\node_modules\rx\ts\core\linq\observable\fromarray.js
C:\Users\pmpra\source\repos\TheCellGame\TheCellGame\node_modules\rx\ts\core\linq\observable\fromcallback.js
C:\Users\pmpra\source\repos\TheCellGame\TheCellGame\node_modules\rx\ts\core\linq\observable\fromevent.js
C:\Users\pmpra\source\repos\TheCellGame\TheCellGame\node_modules\rx\ts\core\linq\observable\fromeventpattern.js
C:\Users\pmpra\source\repos\TheCellGame\TheCellGame\node_modules\rx\ts\core\linq\observable\fromnodecallback.js
C:\Users\pmpra\source\repos\TheCellGame\TheCellGame\node_modules\rx\ts\core\linq\observable\frompromise.js
C:\Users\pmpra\source\repos\TheCellGame\TheCellGame\node_modules\rx\ts\core\linq\observable\generate.js
C:\Users\pmpra\source\repos\TheCellGame\TheCellGame\node_modules\rx\ts\core\linq\observable\generatewithabsolutetime.js
C:\Users\pmpra\source\repos\TheCellGame\TheCellGame\node_modules\rx\ts\core\linq\observable\generatewithrelativetime.js
C:\Users\pmpra\source\repos\TheCellGame\TheCellGame\node_modules\rx\ts\core\linq\observable\groupbyuntil.js
C:\Users\pmpra\source\repos\TheCellGame\TheCellGame\node_modules\rx\ts\core\linq\observable\groupby.js
C:\Users\pmpra\source\repos\TheCellGame\TheCellGame\node_modules\rx\ts\core\linq\observable\groupjoin.js
C:\Users\pmpra\source\repos\TheCellGame\TheCellGame\node_modules\rx\ts\core\linq\observable\if.js
C:\Users\pmpra\source\repos\TheCellGame\TheCellGame\node_modules\rx\ts\core\linq\observable\ignoreelements.js
C:\Users\pmpra\source\repos\TheCellGame\TheCellGame\node_modules\rx\ts\core\linq\observable\includes.js
C:\Users\pmpra\source\repos\TheCellGame\TheCellGame\node_modules\rx\ts\core\linq\observable\indexof.js
C:\Users\pmpra\source\repos\TheCellGame\TheCellGame\node_modules\rx\ts\core\linq\observable\interval.js
C:\Users\pmpra\source\repos\TheCellGame\TheCellGame\node_modules\rx\ts\core\linq\observable\isempty.js
C:\Users\pmpra\source\repos\TheCellGame\TheCellGame\node_modules\rx\ts\core\linq\observable\join.js
C:\Users\pmpra\source\repos\TheCellGame\TheCellGame\node_modules\rx\ts\core\linq\observable\jortsort.js
C:\Users\pmpra\source\repos\TheCellGame\TheCellGame\node_modules\rx\ts\core\linq\observable\jortsortuntil.js
C:\Users\pmpra\source\repos\TheCellGame\TheCellGame\node_modules\rx\ts\core\linq\observable\just.js
C:\Users\pmpra\source\repos\TheCellGame\TheCellGame\node_modules\rx\ts\core\linq\observable\last.js
C:\Users\pmpra\source\repos\TheCellGame\TheCellGame\node_modules\rx\ts\core\linq\observable\let.js
C:\Users\pmpra\source\repos\TheCellGame\TheCellGame\node_modules\rx\ts\core\linq\observable\manyselect.js
C:\Users\pmpra\source\repos\TheCellGame\TheCellGame\node_modules\rx\ts\core\linq\observable\map.js
C:\Users\pmpra\source\repos\TheCellGame\TheCellGame\node_modules\rx\ts\core\linq\observable\materialize.js
C:\Users\pmpra\source\repos\TheCellGame\TheCellGame\node_modules\rx\ts\core\linq\observable\max.js
C:\Users\pmpra\source\repos\TheCellGame\TheCellGame\node_modules\rx\ts\core\linq\observable\maxby.js
C:\Users\pmpra\source\repos\TheCellGame\TheCellGame\node_modules\rx\ts\core\linq\observable\merge.js
C:\Users\pmpra\source\repos\TheCellGame\TheCellGame\node_modules\rx\ts\core\linq\observable\mergeall.js
C:\Users\pmpra\source\repos\TheCellGame\TheCellGame\node_modules\rx\ts\core\linq\observable\mergedelayerror.js
C:\Users\pmpra\source\repos\TheCellGame\TheCellGame\node_modules\rx\ts\core\linq\observable\mergeproto.js
C:\Users\pmpra\source\repos\TheCellGame\TheCellGame\node_modules\rx\ts\core\linq\observable\min.js
C:\Users\pmpra\source\repos\TheCellGame\TheCellGame\node_modules\rx\ts\core\linq\observable\minby.js
C:\Users\pmpra\source\repos\TheCellGame\TheCellGame\node_modules\rx\ts\core\subjects\subject.js
C:\Users\pmpra\source\repos\TheCellGame\TheCellGame\node_modules\rx\ts\core\linq\observable\multicast.js
C:\Users\pmpra\source\repos\TheCellGame\TheCellGame\node_modules\rx\ts\core\linq\observable\never.js
C:\Users\pmpra\source\repos\TheCellGame\TheCellGame\node_modules\rx\ts\core\linq\observable\observeon.js
C:\Users\pmpra\source\repos\TheCellGame\TheCellGame\node_modules\rx\ts\core\linq\observable\of.js
C:\Users\pmpra\source\repos\TheCellGame\TheCellGame\node_modules\rx\ts\core\linq\observable\ofarraychanges.js
C:\Users\pmpra\source\repos\TheCellGame\TheCellGame\node_modules\rx\ts\core\linq\observable\ofobjectchanges.js
C:\Users\pmpra\source\repos\TheCellGame\TheCellGame\node_modules\rx\ts\core\linq\observable\onerrorresumenext.js
C:\Users\pmpra\source\repos\TheCellGame\TheCellGame\node_modules\rx\ts\core\linq\observable\onerrorresumenextproto.js
C:\Users\pmpra\source\repos\TheCellGame\TheCellGame\node_modules\rx\ts\core\linq\observable\pairs.js
C:\Users\pmpra\source\repos\TheCellGame\TheCellGame\node_modules\rx\ts\core\linq\observable\pairwise.js
C:\Users\pmpra\source\repos\TheCellGame\TheCellGame\node_modules\rx\ts\core\linq\observable\partition.js
C:\Users\pmpra\source\repos\TheCellGame\TheCellGame\node_modules\rx\ts\core\linq\observable\pipe.js
C:\Users\pmpra\source\repos\TheCellGame\TheCellGame\node_modules\rx\ts\core\linq\observable\pluck.js
C:\Users\pmpra\source\repos\TheCellGame\TheCellGame\node_modules\rx\ts\core\linq\observable\publish.js
C:\Users\pmpra\source\repos\TheCellGame\TheCellGame\node_modules\rx\ts\core\linq\observable\publishlast.js
C:\Users\pmpra\source\repos\TheCellGame\TheCellGame\node_modules\rx\ts\core\linq\observable\publishvalue.js
C:\Users\pmpra\source\repos\TheCellGame\TheCellGame\node_modules\rx\ts\core\linq\observable\range.js
C:\Users\pmpra\source\repos\TheCellGame\TheCellGame\node_modules\rx\ts\core\linq\observable\reduce.js
C:\Users\pmpra\source\repos\TheCellGame\TheCellGame\node_modules\rx\ts\core\linq\observable\repeat.js
C:\Users\pmpra\source\repos\TheCellGame\TheCellGame\node_modules\rx\ts\core\linq\observable\repeatproto.js
C:\Users\pmpra\source\repos\TheCellGame\TheCellGame\node_modules\rx\ts\core\linq\observable\replay.js
C:\Users\pmpra\source\repos\TheCellGame\TheCellGame\node_modules\rx\ts\core\linq\observable\retry.js
C:\Users\pmpra\source\repos\TheCellGame\TheCellGame\node_modules\rx\ts\core\linq\observable\retrywhen.js
C:\Users\pmpra\source\repos\TheCellGame\TheCellGame\node_modules\rx\ts\core\linq\observable\sample.js
C:\Users\pmpra\source\repos\TheCellGame\TheCellGame\node_modules\rx\ts\core\linq\observable\scan.js
C:\Users\pmpra\source\repos\TheCellGame\TheCellGame\node_modules\rx\ts\core\linq\observable\selectmanyobserver.js
C:\Users\pmpra\source\repos\TheCellGame\TheCellGame\node_modules\rx\ts\core\linq\observable\sequenceequal.js
C:\Users\pmpra\source\repos\TheCellGame\TheCellGame\node_modules\rx\ts\core\linq\observable\share.js
C:\Users\pmpra\source\repos\TheCellGame\TheCellGame\node_modules\rx\ts\core\linq\observable\sharereplay.js
C:\Users\pmpra\source\repos\TheCellGame\TheCellGame\node_modules\rx\ts\core\linq\observable\sharevalue.js
C:\Users\pmpra\source\repos\TheCellGame\TheCellGame\node_modules\rx\ts\core\linq\observable\single.js
C:\Users\pmpra\source\repos\TheCellGame\TheCellGame\node_modules\rx\ts\core\linq\observable\singleinstance.js
C:\Users\pmpra\source\repos\TheCellGame\TheCellGame\node_modules\rx\ts\core\linq\observable\skip.js
C:\Users\pmpra\source\repos\TheCellGame\TheCellGame\node_modules\rx\ts\core\linq\observable\skiplast.js
C:\Users\pmpra\source\repos\TheCellGame\TheCellGame\node_modules\rx\ts\core\linq\observable\skiplastwithtime.js
C:\Users\pmpra\source\repos\TheCellGame\TheCellGame\node_modules\rx\ts\core\linq\observable\skipuntil.js
C:\Users\pmpra\source\repos\TheCellGame\TheCellGame\node_modules\rx\ts\core\linq\observable\skipuntilwithtime.js
C:\Users\pmpra\source\repos\TheCellGame\TheCellGame\node_modules\rx\ts\core\linq\observable\skipwhile.js
C:\Users\pmpra\source\repos\TheCellGame\TheCellGame\node_modules\rx\ts\core\linq\observable\skipwithtime.js
C:\Users\pmpra\source\repos\TheCellGame\TheCellGame\node_modules\rx\ts\core\linq\observable\some.js
C:\Users\pmpra\source\repos\TheCellGame\TheCellGame\node_modules\rx\ts\core\linq\observable\spawn.js
C:\Users\pmpra\source\repos\TheCellGame\TheCellGame\node_modules\rx\ts\core\linq\observable\start.js
C:\Users\pmpra\source\repos\TheCellGame\TheCellGame\node_modules\rx\ts\core\linq\observable\startasync.js
C:\Users\pmpra\source\repos\TheCellGame\TheCellGame\node_modules\rx\ts\core\linq\observable\startwith.js
C:\Users\pmpra\source\repos\TheCellGame\TheCellGame\node_modules\rx\ts\core\linq\observable\subscribeon.js
C:\Users\pmpra\source\repos\TheCellGame\TheCellGame\node_modules\rx\ts\core\linq\observable\sum.js
C:\Users\pmpra\source\repos\TheCellGame\TheCellGame\node_modules\rx\ts\core\linq\observable\switch.js
C:\Users\pmpra\source\repos\TheCellGame\TheCellGame\node_modules\rx\ts\core\linq\observable\switchfirst.js
C:\Users\pmpra\source\repos\TheCellGame\TheCellGame\node_modules\rx\ts\core\linq\observable\take.js
C:\Users\pmpra\source\repos\TheCellGame\TheCellGame\node_modules\rx\ts\core\linq\observable\takelast.js
C:\Users\pmpra\source\repos\TheCellGame\TheCellGame\node_modules\rx\ts\core\linq\observable\takelastbuffer.js
C:\Users\pmpra\source\repos\TheCellGame\TheCellGame\node_modules\rx\ts\core\linq\observable\takelastbufferwithtime.js
C:\Users\pmpra\source\repos\TheCellGame\TheCellGame\node_modules\rx\ts\core\linq\observable\takelastwithtime.js
C:\Users\pmpra\source\repos\TheCellGame\TheCellGame\node_modules\rx\ts\core\linq\observable\takeuntil.js
C:\Users\pmpra\source\repos\TheCellGame\TheCellGame\node_modules\rx\ts\core\linq\observable\takeuntilwithtime.js
C:\Users\pmpra\source\repos\TheCellGame\TheCellGame\node_modules\rx\ts\core\linq\observable\takewhile.js
C:\Users\pmpra\source\repos\TheCellGame\TheCellGame\node_modules\rx\ts\core\linq\observable\takewithtime.js
C:\Users\pmpra\source\repos\TheCellGame\TheCellGame\node_modules\rx\ts\core\linq\observable\tap.js
C:\Users\pmpra\source\repos\TheCellGame\TheCellGame\node_modules\rx\ts\core\linq\observable\thendo.js
C:\Users\pmpra\source\repos\TheCellGame\TheCellGame\node_modules\rx\ts\core\linq\observable\throttle.js
C:\Users\pmpra\source\repos\TheCellGame\TheCellGame\node_modules\rx\ts\core\linq\observable\throw.js
C:\Users\pmpra\source\repos\TheCellGame\TheCellGame\node_modules\rx\ts\core\linq\observable\timeinterval.js
C:\Users\pmpra\source\repos\TheCellGame\TheCellGame\node_modules\rx\ts\core\linq\observable\timeout.js
C:\Users\pmpra\source\repos\TheCellGame\TheCellGame\node_modules\rx\ts\core\linq\observable\timer.js
C:\Users\pmpra\source\repos\TheCellGame\TheCellGame\node_modules\rx\ts\core\linq\observable\timestamp.js
C:\Users\pmpra\source\repos\TheCellGame\TheCellGame\node_modules\rx\ts\core\linq\observable\toarray.js
C:\Users\pmpra\source\repos\TheCellGame\TheCellGame\node_modules\rx\ts\core\linq\observable\toasync.js
C:\Users\pmpra\source\repos\TheCellGame\TheCellGame\node_modules\rx\ts\core\linq\observable\tomap.js
C:\Users\pmpra\source\repos\TheCellGame\TheCellGame\node_modules\rx\ts\core\linq\observable\topromise.js
C:\Users\pmpra\source\repos\TheCellGame\TheCellGame\node_modules\rx\ts\core\linq\observable\toset.js
C:\Users\pmpra\source\repos\TheCellGame\TheCellGame\node_modules\rx\ts\core\linq\observable\transduce.js
C:\Users\pmpra\source\repos\TheCellGame\TheCellGame\node_modules\rx\ts\core\linq\observable\using.js
C:\Users\pmpra\source\repos\TheCellGame\TheCellGame\node_modules\rx\ts\core\linq\observable\when.js
C:\Users\pmpra\source\repos\TheCellGame\TheCellGame\node_modules\rx\ts\core\linq\observable\while.js
C:\Users\pmpra\source\repos\TheCellGame\TheCellGame\node_modules\rx\ts\core\linq\observable\window.js
C:\Users\pmpra\source\repos\TheCellGame\TheCellGame\node_modules\rx\ts\core\linq\observable\windowwithcount.js
C:\Users\pmpra\source\repos\TheCellGame\TheCellGame\node_modules\rx\ts\core\linq\observable\windowwithtime.js
C:\Users\pmpra\source\repos\TheCellGame\TheCellGame\node_modules\rx\ts\core\linq\observable\windowwithtimeorcount.js
C:\Users\pmpra\source\repos\TheCellGame\TheCellGame\node_modules\rx\ts\core\linq\observable\withlatestfrom.js
C:\Users\pmpra\source\repos\TheCellGame\TheCellGame\node_modules\rx\ts\core\linq\observable\zip.js
C:\Users\pmpra\source\repos\TheCellGame\TheCellGame\node_modules\rx\ts\core\linq\observable\zipiterable.js
C:\Users\pmpra\source\repos\TheCellGame\TheCellGame\node_modules\rx\ts\core\linq\observable\zipproto.js
C:\Users\pmpra\source\repos\TheCellGame\TheCellGame\node_modules\rx\ts\core\notification.js
C:\Users\pmpra\source\repos\TheCellGame\TheCellGame\node_modules\rx\ts\core\observer-extras.js
C:\Users\pmpra\source\repos\TheCellGame\TheCellGame\node_modules\rx\ts\core\observer.js
C:\Users\pmpra\source\repos\TheCellGame\TheCellGame\node_modules\rx\ts\core\scheduledobserver.js
C:\Users\pmpra\source\repos\TheCellGame\TheCellGame\node_modules\rx\ts\core\subjects\anonymoussubject.js
C:\Users\pmpra\source\repos\TheCellGame\TheCellGame\node_modules\rx\ts\core\subjects\asyncsubject.js
C:\Users\pmpra\source\repos\TheCellGame\TheCellGame\node_modules\rx\ts\core\subjects\behaviorsubject.js
C:\Users\pmpra\source\repos\TheCellGame\TheCellGame\node_modules\rx\ts\core\subjects\replaysubject.js
C:\Users\pmpra\source\repos\TheCellGame\TheCellGame\node_modules\rx\ts\core\testing\mockdisposable.js
C:\Users\pmpra\source\repos\TheCellGame\TheCellGame\node_modules\rx\ts\core\testing\recorded.js
C:\Users\pmpra\source\repos\TheCellGame\TheCellGame\node_modules\rx\ts\core\testing\mockobserver.js
C:\Users\pmpra\source\repos\TheCellGame\TheCellGame\node_modules\rx\ts\core\testing\subscription.js
C:\Users\pmpra\source\repos\TheCellGame\TheCellGame\node_modules\rx\ts\core\testing\reactivetest.js
C:\Users\pmpra\source\repos\TheCellGame\TheCellGame\node_modules\rx\ts\core\testing\testscheduler.js
